2025-07-25 23:12:24.473 [info] [main] Log level: Info
2025-07-25 23:12:24.473 [info] [main] Validating found git in: "git"
2025-07-25 23:12:24.473 [info] [main] Using git "2.43.0" from "git"
2025-07-25 23:12:24.473 [info] [Model][doInitialScan] Initial repository scan started
2025-07-25 23:12:24.473 [info] > git rev-parse --show-toplevel [85ms]
2025-07-25 23:12:24.473 [info] fatal: not a git repository (or any parent up to mount point /)
Stopping at filesystem boundary (GIT_DISCOVERY_ACROSS_FILESYSTEM not set).
2025-07-25 23:12:24.485 [info] > git rev-parse --show-toplevel [3ms]
2025-07-25 23:12:24.485 [info] fatal: not a git repository (or any parent up to mount point /)
Stopping at filesystem boundary (GIT_DISCOVERY_ACROSS_FILESYSTEM not set).
2025-07-25 23:12:24.496 [info] > git rev-parse --show-toplevel [2ms]
2025-07-25 23:12:24.497 [info] fatal: not a git repository (or any parent up to mount point /)
Stopping at filesystem boundary (GIT_DISCOVERY_ACROSS_FILESYSTEM not set).
2025-07-25 23:12:24.507 [info] > git rev-parse --show-toplevel [4ms]
2025-07-25 23:12:24.507 [info] fatal: not a git repository (or any parent up to mount point /)
Stopping at filesystem boundary (GIT_DISCOVERY_ACROSS_FILESYSTEM not set).
2025-07-25 23:12:24.517 [info] > git rev-parse --show-toplevel [2ms]
2025-07-25 23:12:24.517 [info] fatal: not a git repository (or any parent up to mount point /)
Stopping at filesystem boundary (GIT_DISCOVERY_ACROSS_FILESYSTEM not set).
2025-07-25 23:12:24.534 [info] > git rev-parse --show-toplevel [9ms]
2025-07-25 23:12:24.534 [info] fatal: not a git repository (or any parent up to mount point /)
Stopping at filesystem boundary (GIT_DISCOVERY_ACROSS_FILESYSTEM not set).
2025-07-25 23:12:24.546 [info] > git rev-parse --show-toplevel [3ms]
2025-07-25 23:12:24.546 [info] fatal: not a git repository (or any parent up to mount point /)
Stopping at filesystem boundary (GIT_DISCOVERY_ACROSS_FILESYSTEM not set).
2025-07-25 23:12:24.566 [info] > git rev-parse --show-toplevel [11ms]
2025-07-25 23:12:24.566 [info] fatal: not a git repository (or any parent up to mount point /)
Stopping at filesystem boundary (GIT_DISCOVERY_ACROSS_FILESYSTEM not set).
2025-07-25 23:12:24.577 [info] > git rev-parse --show-toplevel [2ms]
2025-07-25 23:12:24.577 [info] fatal: not a git repository (or any parent up to mount point /)
Stopping at filesystem boundary (GIT_DISCOVERY_ACROSS_FILESYSTEM not set).
2025-07-25 23:12:24.596 [info] > git rev-parse --show-toplevel [12ms]
2025-07-25 23:12:24.596 [info] fatal: not a git repository (or any parent up to mount point /)
Stopping at filesystem boundary (GIT_DISCOVERY_ACROSS_FILESYSTEM not set).
2025-07-25 23:12:24.606 [info] > git rev-parse --show-toplevel [2ms]
2025-07-25 23:12:24.606 [info] fatal: not a git repository (or any parent up to mount point /)
Stopping at filesystem boundary (GIT_DISCOVERY_ACROSS_FILESYSTEM not set).
2025-07-25 23:12:24.607 [info] [Model][doInitialScan] Initial repository scan completed - repositories (0), closed repositories (0), parent repositories (0), unsafe repositories (0)
2025-07-25 23:12:28.676 [info] > git rev-parse --show-toplevel [13ms]
2025-07-25 23:12:28.676 [info] fatal: not a git repository (or any parent up to mount point /)
Stopping at filesystem boundary (GIT_DISCOVERY_ACROSS_FILESYSTEM not set).
2025-07-25 23:12:47.738 [info] > git rev-parse --show-toplevel [3ms]
2025-07-25 23:12:47.738 [info] fatal: not a git repository (or any parent up to mount point /)
Stopping at filesystem boundary (GIT_DISCOVERY_ACROSS_FILESYSTEM not set).
2025-07-25 23:12:50.214 [info] > git rev-parse --show-toplevel [4ms]
2025-07-25 23:12:50.215 [info] fatal: not a git repository (or any parent up to mount point /)
Stopping at filesystem boundary (GIT_DISCOVERY_ACROSS_FILESYSTEM not set).
2025-07-25 23:12:51.510 [info] > git rev-parse --show-toplevel [10ms]
2025-07-25 23:12:51.510 [info] fatal: not a git repository (or any parent up to mount point /)
Stopping at filesystem boundary (GIT_DISCOVERY_ACROSS_FILESYSTEM not set).
2025-07-25 23:40:19.463 [info] > git init -b main [75ms]
2025-07-25 23:40:19.475 [info] > git rev-parse --show-toplevel [2ms]
2025-07-25 23:40:19.487 [info] > git rev-parse --git-dir --git-common-dir [2ms]
2025-07-25 23:40:19.503 [info] [Model][openRepository] Opened repository: /home/famaktaiwo7
2025-07-25 23:40:19.537 [info] [Git][getRemotes] No remotes found in the git config file
2025-07-25 23:40:19.538 [info] > git config --get commit.template [12ms]
2025-07-25 23:40:19.539 [info] > git for-each-ref --format=%(refname)%00%(upstream:short)%00%(objectname)%00%(upstream:track)%00%(upstream:remotename)%00%(upstream:remoteref) refs/heads/main refs/remotes/main [3ms]
2025-07-25 23:40:19.539 [warning] [Git][getBranch] No such branch: main
2025-07-25 23:40:19.565 [info] > git status -z -uall [15ms]
2025-07-25 23:40:19.575 [info] > git for-each-ref --sort -committerdate --format %(refname)%00%(objectname)%00%(*objectname) [15ms]
2025-07-25 23:40:19.781 [info] > git for-each-ref --format=%(refname)%00%(upstream:short)%00%(objectname)%00%(upstream:track)%00%(upstream:remotename)%00%(upstream:remoteref) refs/heads/main refs/remotes/main [176ms]
2025-07-25 23:40:19.782 [warning] [Git][getBranch] No such branch: main
2025-07-25 23:40:19.783 [error] [GitHistoryProvider][resolveHEADMergeBase] Failed to resolve merge base for main: Error: No such branch: main.
2025-07-25 23:40:19.787 [info] > git config --get commit.template [8ms]
2025-07-25 23:40:19.800 [info] [Git][getRemotes] No remotes found in the git config file
2025-07-25 23:40:19.828 [info] > git for-each-ref --format=%(refname)%00%(upstream:short)%00%(objectname)%00%(upstream:track)%00%(upstream:remotename)%00%(upstream:remoteref) refs/heads/main refs/remotes/main [27ms]
2025-07-25 23:40:19.828 [warning] [Git][getBranch] No such branch: main
2025-07-25 23:40:19.854 [info] > git status -z -uall [17ms]
2025-07-25 23:40:19.857 [info] > git for-each-ref --sort -committerdate --format %(refname)%00%(objectname)%00%(*objectname) [7ms]
2025-07-25 23:40:20.314 [info] > git check-ignore -v -z --stdin [2ms]
2025-07-25 23:40:20.720 [info] > git log --format=%H%n%aN%n%aE%n%at%n%ct%n%P%n%D%n%B -z --shortstat --diff-merges=first-parent -n50 --skip=0 --topo-order --decorate=full --stdin [4ms]
2025-07-25 23:40:20.720 [info] fatal: bad revision 'refs/heads/main'
2025-07-25 23:40:20.720 [error] [GitHistoryProvider][provideHistoryItems] Failed to get history items with options '{"historyItemRefs":["refs/heads/main"],"limit":50,"skip":0}': Failed to execute git {
  "exitCode": 128,
  "gitCommand": "log",
  "stdout": "",
  "stderr": "fatal: bad revision 'refs/heads/main'\n"
}
2025-07-25 23:40:21.229 [info] > git check-ignore -v -z --stdin [2ms]
2025-07-25 23:40:24.112 [info] > git add -A -- . [4598ms]
2025-07-25 23:40:24.150 [info] > git -c user.useConfigOnly=true commit --quiet --allow-empty-message --file - --allow-empty-message [28ms]
2025-07-25 23:40:24.150 [info] Author identity unknown

*** Please tell me who you are.

Run

  git config --global user.email "you@example.com"
  git config --global user.name "Your Name"

to set your account's default identity.
Omit --global to set the identity only in this repository.

fatal: no email was given and auto-detection is disabled
2025-07-25 23:40:24.161 [info] > git config --get-all user.name [2ms]
2025-07-25 23:40:24.180 [info] [Git][getRemotes] No remotes found in the git config file
2025-07-25 23:40:24.181 [info] > git config --get commit.template [10ms]
2025-07-25 23:40:24.182 [info] > git for-each-ref --format=%(refname)%00%(upstream:short)%00%(objectname)%00%(upstream:track)%00%(upstream:remotename)%00%(upstream:remoteref) refs/heads/main refs/remotes/main [2ms]
2025-07-25 23:40:24.182 [warning] [Git][getBranch] No such branch: main
2025-07-25 23:40:24.203 [info] > git status -z -uall [11ms]
2025-07-25 23:40:24.205 [info] > git for-each-ref --sort -committerdate --format %(refname)%00%(objectname)%00%(*objectname) [4ms]
2025-07-25 23:40:25.155 [info] > git show --textconv :app.py [33ms]
2025-07-25 23:40:25.156 [info] > git show --textconv HEAD:app.py [24ms]
2025-07-25 23:40:25.156 [info] > git ls-files --stage -- app.py [13ms]
2025-07-25 23:40:25.179 [info] > git hash-object -t tree /dev/null [3ms]
2025-07-25 23:40:25.179 [warning] [GitFileSystemProvider][readFile] File not found - git:/home/famaktaiwo7/app.py.git?%7B%22path%22%3A%22%2Fhome%2Ffamaktaiwo7%2Fapp.py%22%2C%22ref%22%3A%22HEAD%22%7D
2025-07-25 23:40:25.179 [info] > git cat-file -s ddc3e5cfb6ea88093ce7e169ef4c96f649f13d5d [13ms]
2025-07-25 23:40:25.181 [info] > git ls-tree -l HEAD -- app.py [26ms]
2025-07-25 23:40:25.181 [info] fatal: Not a valid object name HEAD
2025-07-25 23:40:25.181 [warning] [GitFileSystemProvider][stat] File not found - git:/home/famaktaiwo7/app.py.git?%7B%22path%22%3A%22%2Fhome%2Ffamaktaiwo7%2Fapp.py%22%2C%22ref%22%3A%22HEAD%22%7D
2025-07-25 23:40:25.792 [info] > git ls-files --stage -- app.py [2ms]
2025-07-25 23:40:25.803 [info] > git cat-file -s ddc3e5cfb6ea88093ce7e169ef4c96f649f13d5d [2ms]
2025-07-25 23:40:25.965 [info] > git show --textconv :app.py [2ms]
2025-07-25 23:40:26.627 [info] > git check-ignore -v -z --stdin [3ms]
2025-07-25 23:40:43.019 [info] > git -c user.useConfigOnly=true commit --quiet --allow-empty-message --file - [5ms]
2025-07-25 23:40:43.019 [info] Author identity unknown

*** Please tell me who you are.

Run

  git config --global user.email "you@example.com"
  git config --global user.name "Your Name"

to set your account's default identity.
Omit --global to set the identity only in this repository.

fatal: no email was given and auto-detection is disabled
2025-07-25 23:40:43.030 [info] > git config --get-all user.name [2ms]
2025-07-25 23:40:43.050 [info] [Git][getRemotes] No remotes found in the git config file
2025-07-25 23:40:43.051 [info] > git config --get commit.template [11ms]
2025-07-25 23:40:43.052 [info] > git for-each-ref --format=%(refname)%00%(upstream:short)%00%(objectname)%00%(upstream:track)%00%(upstream:remotename)%00%(upstream:remoteref) refs/heads/main refs/remotes/main [2ms]
2025-07-25 23:40:43.052 [warning] [Git][getBranch] No such branch: main
2025-07-25 23:40:43.073 [info] > git status -z -uall [12ms]
2025-07-25 23:40:43.076 [info] > git for-each-ref --sort -committerdate --format %(refname)%00%(objectname)%00%(*objectname) [5ms]
2025-07-25 23:40:44.615 [info] > git ls-files --stage -- app.py [2ms]
2025-07-25 23:40:44.626 [info] > git cat-file -s ddc3e5cfb6ea88093ce7e169ef4c96f649f13d5d [2ms]
2025-07-25 23:40:44.774 [info] > git show --textconv :app.py [2ms]
2025-07-25 23:41:08.097 [info] [Git][getRemotes] No remotes found in the git config file
2025-07-25 23:41:08.097 [info] > git config --get commit.template [11ms]
2025-07-25 23:41:08.098 [info] > git for-each-ref --format=%(refname)%00%(upstream:short)%00%(objectname)%00%(upstream:track)%00%(upstream:remotename)%00%(upstream:remoteref) refs/heads/main refs/remotes/main [2ms]
2025-07-25 23:41:08.098 [warning] [Git][getBranch] No such branch: main
2025-07-25 23:41:08.121 [info] > git status -z -uall [13ms]
2025-07-25 23:41:08.126 [info] > git for-each-ref --sort -committerdate --format %(refname)%00%(objectname)%00%(*objectname) [6ms]
2025-07-25 23:41:13.157 [info] [Git][getRemotes] No remotes found in the git config file
2025-07-25 23:41:13.158 [info] > git config --get commit.template [12ms]
2025-07-25 23:41:13.159 [info] > git for-each-ref --format=%(refname)%00%(upstream:short)%00%(objectname)%00%(upstream:track)%00%(upstream:remotename)%00%(upstream:remoteref) refs/heads/main refs/remotes/main [3ms]
2025-07-25 23:41:13.159 [warning] [Git][getBranch] No such branch: main
2025-07-25 23:41:13.182 [info] > git status -z -uall [14ms]
2025-07-25 23:41:13.184 [info] > git for-each-ref --sort -committerdate --format %(refname)%00%(objectname)%00%(*objectname) [3ms]
2025-07-25 23:41:18.213 [info] [Git][getRemotes] No remotes found in the git config file
2025-07-25 23:41:18.214 [info] > git config --get commit.template [11ms]
2025-07-25 23:41:18.215 [info] > git for-each-ref --format=%(refname)%00%(upstream:short)%00%(objectname)%00%(upstream:track)%00%(upstream:remotename)%00%(upstream:remoteref) refs/heads/main refs/remotes/main [2ms]
2025-07-25 23:41:18.215 [warning] [Git][getBranch] No such branch: main
2025-07-25 23:41:18.235 [info] > git status -z -uall [11ms]
2025-07-25 23:41:18.237 [info] > git for-each-ref --sort -committerdate --format %(refname)%00%(objectname)%00%(*objectname) [4ms]
2025-07-25 23:42:44.894 [info] > git -c user.useConfigOnly=true commit --quiet --allow-empty-message --file - [64ms]
2025-07-25 23:42:44.905 [info] > git config --get commit.template [2ms]
2025-07-25 23:42:44.927 [info] [Git][getRemotes] No remotes found in the git config file
2025-07-25 23:42:44.928 [info] > git config --get commit.template [11ms]
2025-07-25 23:42:44.929 [info] > git for-each-ref --format=%(refname)%00%(upstream:short)%00%(objectname)%00%(upstream:track)%00%(upstream:remotename)%00%(upstream:remoteref) refs/heads/main refs/remotes/main [2ms]
2025-07-25 23:42:44.951 [info] > git status -z -uall [12ms]
2025-07-25 23:42:44.953 [info] > git for-each-ref --sort -committerdate --format %(refname)%00%(objectname)%00%(*objectname) [3ms]
2025-07-25 23:42:45.490 [info] > git blame --root --incremental 9daf562a13c06b8e6007c9ad7051d74296e1b60c -- app.py [23ms]
2025-07-25 23:42:45.495 [info] > git config --get commit.template [6ms]
2025-07-25 23:42:45.507 [info] [Git][getRemotes] No remotes found in the git config file
2025-07-25 23:42:45.509 [info] > git for-each-ref --format=%(refname)%00%(upstream:short)%00%(objectname)%00%(upstream:track)%00%(upstream:remotename)%00%(upstream:remoteref) refs/heads/main refs/remotes/main [3ms]
2025-07-25 23:42:45.535 [info] > git status -z -uall [15ms]
2025-07-25 23:42:45.536 [info] > git for-each-ref --sort -committerdate --format %(refname)%00%(objectname)%00%(*objectname) [4ms]
2025-07-25 23:42:45.565 [info] [Git][getRemotes] No remotes found in the git config file
2025-07-25 23:42:45.565 [info] > git config --get commit.template [12ms]
2025-07-25 23:42:45.567 [info] > git for-each-ref --format=%(refname)%00%(upstream:short)%00%(objectname)%00%(upstream:track)%00%(upstream:remotename)%00%(upstream:remoteref) refs/heads/main refs/remotes/main [3ms]
2025-07-25 23:42:45.593 [info] > git status -z -uall [15ms]
2025-07-25 23:42:45.594 [info] > git for-each-ref --sort -committerdate --format %(refname)%00%(objectname)%00%(*objectname) [2ms]
2025-07-25 23:42:45.987 [info] > git check-ignore -v -z --stdin [3ms]
2025-07-25 23:42:46.375 [info] > git ls-files --stage -- app.py [2ms]
2025-07-25 23:42:46.387 [info] > git cat-file -s ddc3e5cfb6ea88093ce7e169ef4c96f649f13d5d [3ms]
2025-07-25 23:42:46.545 [info] > git show --textconv :app.py [3ms]
2025-07-25 23:42:46.568 [info] > git log --format=%H%n%aN%n%aE%n%at%n%ct%n%P%n%D%n%B -z --shortstat --diff-merges=first-parent -n50 --skip=0 --topo-order --decorate=full --stdin [1124ms]
2025-07-25 23:43:32.887 [info] [Git][getRemotes] No remotes found in the git config file
2025-07-25 23:43:32.887 [info] > git config --get commit.template [10ms]
2025-07-25 23:43:32.889 [info] > git for-each-ref --format=%(refname)%00%(upstream:short)%00%(objectname)%00%(upstream:track)%00%(upstream:remotename)%00%(upstream:remoteref) refs/heads/main refs/remotes/main [3ms]
2025-07-25 23:43:32.912 [info] > git status -z -uall [12ms]
2025-07-25 23:43:32.913 [info] > git for-each-ref --sort -committerdate --format %(refname)%00%(objectname)%00%(*objectname) [4ms]
