2025-07-24 20:09:29.029 [info] [main] Log level: Info
2025-07-24 20:09:29.029 [info] [main] Validating found git in: "git"
2025-07-24 20:09:29.029 [info] [main] Using git "2.43.0" from "git"
2025-07-24 20:09:29.029 [info] [Model][doInitialScan] Initial repository scan started
2025-07-24 20:09:29.029 [info] > git rev-parse --show-toplevel [4ms]
2025-07-24 20:09:29.029 [info] fatal: not a git repository (or any parent up to mount point /)
Stopping at filesystem boundary (GIT_DISCOVERY_ACROSS_FILESYSTEM not set).
2025-07-24 20:09:29.029 [info] > git rev-parse --show-toplevel [2ms]
2025-07-24 20:09:29.029 [info] fatal: not a git repository (or any parent up to mount point /)
Stopping at filesystem boundary (GIT_DISCOVERY_ACROSS_FILESYSTEM not set).
2025-07-24 20:09:29.029 [info] > git rev-parse --show-toplevel [2ms]
2025-07-24 20:09:29.029 [info] fatal: not a git repository (or any parent up to mount point /)
Stopping at filesystem boundary (GIT_DISCOVERY_ACROSS_FILESYSTEM not set).
2025-07-24 20:09:29.029 [info] > git rev-parse --show-toplevel [2ms]
2025-07-24 20:09:29.029 [info] fatal: not a git repository (or any parent up to mount point /)
Stopping at filesystem boundary (GIT_DISCOVERY_ACROSS_FILESYSTEM not set).
2025-07-24 20:09:29.029 [info] > git rev-parse --show-toplevel [2ms]
2025-07-24 20:09:29.029 [info] fatal: not a git repository (or any parent up to mount point /)
Stopping at filesystem boundary (GIT_DISCOVERY_ACROSS_FILESYSTEM not set).
2025-07-24 20:09:29.029 [info] > git rev-parse --show-toplevel [2ms]
2025-07-24 20:09:29.029 [info] fatal: not a git repository (or any parent up to mount point /)
Stopping at filesystem boundary (GIT_DISCOVERY_ACROSS_FILESYSTEM not set).
2025-07-24 20:09:29.029 [info] > git rev-parse --show-toplevel [2ms]
2025-07-24 20:09:29.029 [info] fatal: not a git repository (or any parent up to mount point /)
Stopping at filesystem boundary (GIT_DISCOVERY_ACROSS_FILESYSTEM not set).
2025-07-24 20:09:29.029 [info] [Model][doInitialScan] Initial repository scan completed - repositories (0), closed repositories (0), parent repositories (0), unsafe repositories (0)
2025-07-24 20:09:33.166 [info] > git rev-parse --show-toplevel [10ms]
2025-07-24 20:09:33.166 [info] fatal: not a git repository (or any parent up to mount point /)
Stopping at filesystem boundary (GIT_DISCOVERY_ACROSS_FILESYSTEM not set).
