Initializing document watcher...
Document watcher initialized
famaktaiwo7/import sys.py: {}
famaktaiwo7/import sys.py: {}
famaktaiwo7/README-cloudshell.txt: {}
famaktaiwo7/requirements.txt: {}
famaktaiwo7/app.py: {}
famaktaiwo7/app.py: {}
famaktaiwo7/app.py: {}
famaktaiwo7/app.py: Using EditorConfig core...
famaktaiwo7/app.py: {}
famaktaiwo7/app.py: Using EditorConfig core...
famaktaiwo7/app.py: Using EditorConfig core...
famaktaiwo7/app.py: Using EditorConfig core...
famaktaiwo7/app.py: Using EditorConfig core...
famaktaiwo7/app.py: Using EditorConfig core...
famaktaiwo7/app.py: Using EditorConfig core...
famaktaiwo7/app.py: Using EditorConfig core...
famaktaiwo7/app.py: Using EditorConfig core...
famaktaiwo7/app.py: Using EditorConfig core...
famaktaiwo7/app.py: {}
famaktaiwo7/app.py: {}
famaktaiwo7/app.py: Using EditorConfig core...
famaktaiwo7/app.py: Using EditorConfig core...
famaktaiwo7/app.py: Using EditorConfig core...
famaktaiwo7/app.py: Using EditorConfig core...
famaktaiwo7/app.py: Using EditorConfig core...
famaktaiwo7/app.py: Using EditorConfig core...
famaktaiwo7/app.py: Using EditorConfig core...
famaktaiwo7/app.py: Using EditorConfig core...
famaktaiwo7/app.py: Using EditorConfig core...
famaktaiwo7/app.py: Using EditorConfig core...
famaktaiwo7/app.py: Using EditorConfig core...
famaktaiwo7/app.py: Using EditorConfig core...
famaktaiwo7/app.py: Using EditorConfig core...
famaktaiwo7/app.py: Using EditorConfig core...
famaktaiwo7/app.py: Using EditorConfig core...
famaktaiwo7/app.py: Using EditorConfig core...
famaktaiwo7/app.py: Using EditorConfig core...
famaktaiwo7/app.py: Using EditorConfig core...
famaktaiwo7/app.py: Using EditorConfig core...
famaktaiwo7/app.py: Using EditorConfig core...
famaktaiwo7/app.py: Using EditorConfig core...
famaktaiwo7/app.py: Using EditorConfig core...
famaktaiwo7/app.py: Using EditorConfig core...
famaktaiwo7/app.py: Using EditorConfig core...
famaktaiwo7/app.py: Using EditorConfig core...
famaktaiwo7/app.py: Using EditorConfig core...
famaktaiwo7/app.py: Using EditorConfig core...
famaktaiwo7/app.py: Using EditorConfig core...
famaktaiwo7/app.py: Using EditorConfig core...
famaktaiwo7/app.py: Using EditorConfig core...
famaktaiwo7/app.py: Using EditorConfig core...
famaktaiwo7/app.py: Using EditorConfig core...
famaktaiwo7/app.py: Using EditorConfig core...
famaktaiwo7/app.py: Using EditorConfig core...
famaktaiwo7/app.py: Using EditorConfig core...
famaktaiwo7/app.py: Using EditorConfig core...
famaktaiwo7/app.py: Using EditorConfig core...
famaktaiwo7/app.py: Using EditorConfig core...
famaktaiwo7/app.py: Using EditorConfig core...
famaktaiwo7/app.py: Using EditorConfig core...
famaktaiwo7/app.py: Using EditorConfig core...
famaktaiwo7/app.py: Using EditorConfig core...
famaktaiwo7/app.py: Using EditorConfig core...
famaktaiwo7/app.py: Using EditorConfig core...
famaktaiwo7/app.py: Using EditorConfig core...
famaktaiwo7/app.py: Using EditorConfig core...
famaktaiwo7/app.py: Using EditorConfig core...
famaktaiwo7/app.py: Using EditorConfig core...
famaktaiwo7/app.py: Using EditorConfig core...
famaktaiwo7/app.py: Using EditorConfig core...
famaktaiwo7/app.py: Using EditorConfig core...
famaktaiwo7/app.py: Using EditorConfig core...
famaktaiwo7/app.py: Using EditorConfig core...
famaktaiwo7/app.py: Using EditorConfig core...
famaktaiwo7/app.py: Using EditorConfig core...
famaktaiwo7/app.py: Using EditorConfig core...
famaktaiwo7/app.py: Using EditorConfig core...
famaktaiwo7/app.py: Using EditorConfig core...
famaktaiwo7/app.py: Using EditorConfig core...
famaktaiwo7/app.py: Using EditorConfig core...
famaktaiwo7/app.py: Using EditorConfig core...
famaktaiwo7/app.py: Using EditorConfig core...
famaktaiwo7/app.py: Using EditorConfig core...
famaktaiwo7/app.py: Using EditorConfig core...
famaktaiwo7/app.py: Using EditorConfig core...
famaktaiwo7/app.py: Using EditorConfig core...
famaktaiwo7/app.py: Using EditorConfig core...
famaktaiwo7/app.py: Using EditorConfig core...
famaktaiwo7/app.py: Using EditorConfig core...
famaktaiwo7/app.py: {}
famaktaiwo7/app.py: {}
famaktaiwo7/app.py: {}
famaktaiwo7/app.py: {}
famaktaiwo7/app.py: {}
famaktaiwo7/app.py: {}
famaktaiwo7/app.py: {}
famaktaiwo7/app.py: {}
famaktaiwo7/app.py: {}
famaktaiwo7/app.py: {}
famaktaiwo7/app.py: {}
famaktaiwo7/app.py: {}
